<?xml version="1.0" encoding="UTF-8"?>
<!-- Generated by org.testng.reporters.JUnitReportReporter -->
<testsuite skipped="0" hostname="LAPTOP-TJBEKAR6" name="com.herokuapp.theinternet.PTests" tests="1" failures="0" timestamp="2020-12-05T23:01:46 EST" time="11.536" errors="0">
  <testcase name="loginTest" time="11.536" classname="com.herokuapp.theinternet.PTests"/>
  <system-out/>
</testsuite> <!-- com.herokuapp.theinternet.PTests -->
