<?xml version="1.0" encoding="UTF-8"?>
<!-- Generated by org.testng.reporters.JUnitReportReporter -->
<testsuite skipped="0" hostname="LAPTOP-TJBEKAR6" name="Positivetest" tests="1" failures="0" timestamp="2020-11-29T04:44:27 EST" time="35.585" errors="0">
  <testcase name="positivetest" time="35.585" classname="Positivetest"/>
  <system-out/>
</testsuite> <!-- Positivetest -->
