<?xml version="1.0" encoding="UTF-8"?>
<!-- Generated by org.testng.reporters.JUnitReportReporter -->
<testsuite skipped="0" hostname="LAPTOP-TJBEKAR6" name="Negativetest" tests="2" failures="0" timestamp="2020-12-05T23:05:25 EST" time="20.229" errors="0">
  <testcase name="NegativeTest2" time="8.124" classname="Negativetest"/>
  <system-out/>
  <testcase name="NegativeTest" time="12.105" classname="Negativetest"/>
  <system-out/>
</testsuite> <!-- Negativetest -->
