<?xml version="1.0" encoding="UTF-8"?>
<!-- Generated by org.testng.reporters.JUnitReportReporter -->
<testsuite skipped="0" hostname="LAPTOP-TJBEKAR6" name="com.herokuapp.theinternet.Negativetest" tests="2" failures="0" timestamp="2020-12-05T23:11:16 EST" time="21.774" errors="0">
  <testcase name="NegativeTest2" time="9.343" classname="com.herokuapp.theinternet.Negativetest"/>
  <system-out/>
  <testcase name="NegativeTest" time="12.431" classname="com.herokuapp.theinternet.Negativetest"/>
  <system-out/>
</testsuite> <!-- com.herokuapp.theinternet.Negativetest -->
